# t mod arg
0.000000 1.000000 0.000000
0.031570 0.999998 0.031575
0.063150 1.000003 0.063152
0.094720 1.000003 0.094721
0.126300 1.000005 0.126295
0.157870 0.999995 0.157866
0.189440 1.000000 0.189441
0.221020 1.000004 0.221014
0.252590 1.000001 0.252587
0.284160 1.000005 0.284168
0.315740 1.000003 0.315739
0.347310 0.999999 0.347311
0.378890 1.000004 0.378889
0.410460 1.000002 0.410458
0.442030 0.999997 0.442037
0.473610 1.000001 0.473607
0.505180 1.000005 0.505183
0.536750 0.999998 0.536756
0.568330 0.999996 0.568326
0.599900 0.999998 0.599901
0.631480 1.000004 0.631477
0.663050 0.999999 0.663046
0.694620 0.999999 0.694629
0.726200 0.999996 0.726200
0.757770 0.999997 0.757768
0.789340 0.999998 0.789344
0.820920 0.999999 0.820917
0.852490 0.999999 0.852489
0.884070 0.999996 0.884066
0.915640 0.999996 0.915641
0.947210 1.000000 0.947211
0.978790 0.999999 0.978786
1.010360 0.999994 1.010363
1.041940 0.999998 1.041934
1.073510 0.999999 1.073512
1.105080 0.999999 1.105083
1.136660 0.999998 1.136656
1.168230 1.000001 1.168231
1.199800 1.000002 1.199805
1.231380 1.000002 1.231377
1.262950 1.000003 1.262948
1.294530 1.000001 1.294525
1.326100 0.999999 1.326101
1.357670 1.000004 1.357678
1.389250 1.000004 1.389251
1.420820 0.999995 1.420824
1.452390 1.000002 1.452390
1.483970 0.999997 1.483967
1.515540 0.999996 1.515538
1.547120 1.000000 1.547114
1.578690 1.000001 1.578686
1.610260 0.999999 1.610267
1.641840 1.000002 1.641836
1.673410 1.000000 1.673406
1.704980 1.000000 1.704989
1.736560 0.999996 1.736555
1.768130 0.999998 1.768135
1.799710 0.999997 1.799711
1.831280 1.000005 1.831281
1.862850 0.999996 1.862852
1.894430 1.000003 1.894425
1.926000 1.000004 1.925997
1.957580 1.000002 1.957577
1.989150 1.000002 1.989153
2.020720 1.000001 2.020723
2.052300 0.999999 2.052298
2.083870 1.000001 2.083872
2.115440 1.000002 2.115447
2.147020 1.000002 2.147017
2.178590 1.000001 2.178592
2.210170 0.999999 2.210167
2.241740 1.000000 2.241733
2.273310 1.000001 2.273312
2.304890 0.999998 2.304885
2.336460 1.000001 2.336465
2.368030 1.000004 2.368032
2.399610 0.999999 2.399610
2.431180 0.999994 2.431183
2.462760 0.999998 2.462752
2.494330 1.000005 2.494328
2.525900 1.000003 2.525907
2.557480 0.999999 2.557479
2.589050 0.999996 2.589051
2.620630 1.000002 2.620626
2.652200 1.000001 2.652201
2.683770 1.000000 2.683777
2.715350 0.999998 2.715341
2.746920 0.999999 2.746915
2.778490 0.999998 2.778496
2.810070 1.000004 2.810064
2.841640 0.999998 2.841645
2.873220 0.999998 2.873212
2.904790 0.999998 2.904785
2.936360 0.999995 2.936364
2.967940 1.000000 2.967941
2.999510 0.999996 2.999515
3.031080 0.999999 3.031088
3.062660 1.000003 3.062661
3.094230 1.000001 3.094235
3.125810 1.000005 3.125802
3.157380 1.000005 -3.125802
3.188950 1.000001 -3.094235
3.220530 1.000003 -3.062661
3.252100 0.999999 -3.031088
3.283670 0.999996 -2.999515
3.315250 1.000000 -2.967941
3.346820 0.999995 -2.936364
3.378400 0.999998 -2.904785
3.409970 0.999998 -2.873212
3.441540 0.999998 -2.841645
3.473120 1.000004 -2.810064
3.504690 0.999998 -2.778496
3.536270 0.999999 -2.746915
3.567840 0.999998 -2.715341
3.599410 1.000000 -2.683777
3.630990 1.000001 -2.652201
3.662560 1.000002 -2.620626
3.694130 0.999996 -2.589051
3.725710 0.999999 -2.557479
3.757280 1.000003 -2.525907
3.788860 1.000005 -2.494328
3.820430 0.999998 -2.462752
3.852000 0.999994 -2.431183
3.883580 0.999999 -2.399610
3.915150 1.000004 -2.368032
3.946720 1.000001 -2.336465
3.978300 0.999998 -2.304885
4.009870 1.000001 -2.273312
4.041450 1.000000 -2.241733
4.073020 0.999999 -2.210167
4.104590 1.000001 -2.178592
4.136170 1.000002 -2.147017
4.167740 1.000002 -2.115447
4.199310 1.000001 -2.083872
4.230890 0.999999 -2.052298
4.262460 1.000001 -2.020723
4.294040 1.000002 -1.989153
4.325610 1.000002 -1.957577
4.357180 1.000004 -1.925997
4.388760 1.000003 -1.894425
4.420330 0.999996 -1.862852
4.451910 1.000005 -1.831281
4.483480 0.999997 -1.799711
4.515050 0.999998 -1.768135
4.546630 0.999996 -1.736555
4.578200 1.000000 -1.704989
4.609770 1.000000 -1.673406
4.641350 1.000002 -1.641836
4.672920 0.999999 -1.610267
4.704500 1.000001 -1.578686
4.736070 1.000000 -1.547114
4.767640 0.999996 -1.515538
4.799220 0.999997 -1.483967
4.830790 1.000002 -1.452390
4.862360 0.999995 -1.420824
4.893940 1.000004 -1.389251
4.925510 1.000004 -1.357678
4.957090 0.999999 -1.326101
4.988660 1.000001 -1.294525
5.020230 1.000003 -1.262948
5.051810 1.000002 -1.231377
5.083380 1.000002 -1.199805
5.114950 1.000001 -1.168231
5.146530 0.999998 -1.136656
5.178100 0.999999 -1.105083
5.209680 0.999999 -1.073512
5.241250 0.999998 -1.041934
5.272820 0.999994 -1.010363
5.304400 0.999999 -0.978786
5.335970 1.000000 -0.947211
5.367550 0.999996 -0.915641
5.399120 0.999996 -0.884066
5.430690 0.999999 -0.852489
5.462270 0.999999 -0.820917
5.493840 0.999998 -0.789344
5.525410 0.999997 -0.757768
5.556990 0.999996 -0.726200
5.588560 0.999999 -0.694629
5.620140 0.999999 -0.663046
5.651710 1.000004 -0.631477
5.683280 0.999998 -0.599901
5.714860 0.999996 -0.568326
5.746430 0.999998 -0.536756
5.778000 1.000005 -0.505183
5.809580 1.000001 -0.473607
5.841150 0.999997 -0.442037
5.872730 1.000002 -0.410458
5.904300 1.000004 -0.378889
5.935870 0.999999 -0.347311
5.967450 1.000003 -0.315739
5.999020 1.000005 -0.284168
6.030590 1.000001 -0.252587
6.062170 1.000004 -0.221014
6.093740 1.000000 -0.189441
6.125320 0.999995 -0.157866
6.156890 1.000005 -0.126295
6.188460 1.000003 -0.094721
6.220040 1.000003 -0.063152
6.251610 0.999998 -0.031575
6.283190 1.000000 -0.000000
